Configuration:
[settings]
arch=x86_64
arch_build=x86_64
build_type=Release
compiler=gcc
compiler.libcxx=libstdc++11
compiler.version=11
os=Linux
os_build=Linux
[options]
[build_requires]
[env]

userver/1.0.0 (test package): Installing package
Requirements
    boost/1.79.0 from 'conancenter' - Cache
    bzip2/1.0.8 from 'conancenter' - Cache
    c-ares/1.18.1 from 'conancenter' - Cache
    cctz/2.3 from 'conancenter' - Cache
    cryptopp/8.6.0 from 'conancenter' - Cache
    fmt/8.1.1 from 'conancenter' - Cache
    http_parser/2.9.4 from 'conancenter' - Cache
    jemalloc/5.2.1 from 'conancenter' - Cache
    libbacktrace/cci.20210118 from 'conancenter' - Cache
    libcurl/7.68.0 from 'conancenter' - Cache
    libev/4.33 from 'conancenter' - Cache
    openssl/1.1.1o from 'conancenter' - Cache
    spdlog/1.9.0 from 'conancenter' - Cache
    userver/1.0.0 from local cache - Cache
    yaml-cpp/0.7.0 from 'conancenter' - Cache
    zlib/1.2.12 from 'conancenter' - Cache
Packages
    boost/1.79.0:dc8aedd23a0f0a773a5fcdcfe1ae3e89c4205978 - Cache
    bzip2/1.0.8:c32092bf4d4bb47cf962af898e02823f499b017e - Cache
    c-ares/1.18.1:568a9f05046bc2a125b25bb11b7b1b0ed567b825 - Cache
    cctz/2.3:238df00604cc31bb14445227f4be73e1727116e7 - Cache
    cryptopp/8.6.0:6557f18ca99c0b6a233f43db00e30efaa525e27e - Cache
    fmt/8.1.1:2c09c8f84c016041549fcee94e4caae5d89424b6 - Cache
    http_parser/2.9.4:dfbe50feef7f3c6223a476cd5aeadb687084a646 - Cache
    jemalloc/5.2.1:dd4b25aaf895ca2136a38b9660b8dbca6ee25a36 - Cache
    libbacktrace/cci.20210118:dfbe50feef7f3c6223a476cd5aeadb687084a646 - Cache
    libcurl/7.68.0:0c5339e3252a17695b86faf7d8701a95bdc6c4ef - Cache
    libev/4.33:dfbe50feef7f3c6223a476cd5aeadb687084a646 - Cache
    openssl/1.1.1o:dfbe50feef7f3c6223a476cd5aeadb687084a646 - Cache
    spdlog/1.9.0:4d2b231078dcc813aaf3eb5175bee272655efbc4 - Cache
    userver/1.0.0:3dbae2e5af315b89cf2395933e40b73df1ea6d23 - Cache
    yaml-cpp/0.7.0:6557f18ca99c0b6a233f43db00e30efaa525e27e - Cache
    zlib/1.2.12:dfbe50feef7f3c6223a476cd5aeadb687084a646 - Cache

Installing (downloading, building) binaries...
bzip2/1.0.8: Already installed!
bzip2/1.0.8: Appending PATH environment variable: /root/.conan/data/bzip2/1.0.8/_/_/package/c32092bf4d4bb47cf962af898e02823f499b017e/bin
c-ares/1.18.1: Already installed!
c-ares/1.18.1: Appending PATH environment variable: /root/.conan/data/c-ares/1.18.1/_/_/package/568a9f05046bc2a125b25bb11b7b1b0ed567b825/bin
cctz/2.3: Already installed!
cctz/2.3: Appending PATH environment variable: /root/.conan/data/cctz/2.3/_/_/package/238df00604cc31bb14445227f4be73e1727116e7/bin
cryptopp/8.6.0: Already installed!
fmt/8.1.1: Already installed!
http_parser/2.9.4: Already installed!
jemalloc/5.2.1: Already installed!
libbacktrace/cci.20210118: Already installed!
libev/4.33: Already installed!
openssl/1.1.1o: Already installed!
yaml-cpp/0.7.0: Already installed!
zlib/1.2.12: Already installed!
boost/1.79.0: Already installed!
libcurl/7.68.0: Already installed!
spdlog/1.9.0: Already installed!
userver/1.0.0: Already installed!
userver/1.0.0 (test package): Generator txt created conanbuildinfo.txt
userver/1.0.0 (test package): Generator cmake_find_package created Finduserver.cmake
userver/1.0.0 (test package): Generator cmake_find_package created FindBoost.cmake
userver/1.0.0 (test package): Generator cmake_find_package created Findlibev.cmake
userver/1.0.0 (test package): Generator cmake_find_package created Findspdlog.cmake
userver/1.0.0 (test package): Generator cmake_find_package created Findc-ares.cmake
userver/1.0.0 (test package): Generator cmake_find_package created FindCURL.cmake
userver/1.0.0 (test package): Generator cmake_find_package created Findcryptopp.cmake
userver/1.0.0 (test package): Generator cmake_find_package created Findyaml-cpp.cmake
userver/1.0.0 (test package): Generator cmake_find_package created Findcctz.cmake
userver/1.0.0 (test package): Generator cmake_find_package created Findhttp_parser.cmake
userver/1.0.0 (test package): Generator cmake_find_package created Findjemalloc.cmake
userver/1.0.0 (test package): Generator cmake_find_package created FindZLIB.cmake
userver/1.0.0 (test package): Generator cmake_find_package created FindBZip2.cmake
userver/1.0.0 (test package): Generator cmake_find_package created Findlibbacktrace.cmake
userver/1.0.0 (test package): Generator cmake_find_package created Findfmt.cmake
userver/1.0.0 (test package): Generator cmake_find_package created FindOpenSSL.cmake
userver/1.0.0 (test package): Aggregating env generators
userver/1.0.0 (test package): Generated conaninfo.txt
userver/1.0.0 (test package): Generated graphinfo
Using lockfile: '/userver/test_package/build/0bb5c6b789c31ce1a9e22c28a450347b2c15ae87/conan.lock'
Using cached profile from lockfile
userver/1.0.0 (test package): Calling build()
-- The CXX compiler identification is GNU 11.2.0
-- Detecting CXX compiler ABI info
-- Detecting CXX compiler ABI info - done
-- Check for working CXX compiler: /usr/bin/c++ - skipped
-- Detecting CXX compile features
-- Detecting CXX compile features - done
-- Conan: Using autogenerated Finduserver.cmake
-- Found userver: 1.0.0 (found version "1.0.0") 
-- Library userver-core found /root/.conan/data/userver/1.0.0/_/_/package/3dbae2e5af315b89cf2395933e40b73df1ea6d23/lib/libuserver-core.a
-- Found: /root/.conan/data/userver/1.0.0/_/_/package/3dbae2e5af315b89cf2395933e40b73df1ea6d23/lib/libuserver-core.a
-- Conan: Using autogenerated FindBoost.cmake
-- Found Boost: 1.79.0 (found version "1.79.0") 
-- Library boost_contract found /root/.conan/data/boost/1.79.0/_/_/package/dc8aedd23a0f0a773a5fcdcfe1ae3e89c4205978/lib/libboost_contract.a
-- Found: /root/.conan/data/boost/1.79.0/_/_/package/dc8aedd23a0f0a773a5fcdcfe1ae3e89c4205978/lib/libboost_contract.a
-- Library boost_coroutine found /root/.conan/data/boost/1.79.0/_/_/package/dc8aedd23a0f0a773a5fcdcfe1ae3e89c4205978/lib/libboost_coroutine.a
-- Found: /root/.conan/data/boost/1.79.0/_/_/package/dc8aedd23a0f0a773a5fcdcfe1ae3e89c4205978/lib/libboost_coroutine.a
-- Library boost_fiber_numa found /root/.conan/data/boost/1.79.0/_/_/package/dc8aedd23a0f0a773a5fcdcfe1ae3e89c4205978/lib/libboost_fiber_numa.a
-- Found: /root/.conan/data/boost/1.79.0/_/_/package/dc8aedd23a0f0a773a5fcdcfe1ae3e89c4205978/lib/libboost_fiber_numa.a
-- Library boost_fiber found /root/.conan/data/boost/1.79.0/_/_/package/dc8aedd23a0f0a773a5fcdcfe1ae3e89c4205978/lib/libboost_fiber.a
-- Found: /root/.conan/data/boost/1.79.0/_/_/package/dc8aedd23a0f0a773a5fcdcfe1ae3e89c4205978/lib/libboost_fiber.a
-- Library boost_context found /root/.conan/data/boost/1.79.0/_/_/package/dc8aedd23a0f0a773a5fcdcfe1ae3e89c4205978/lib/libboost_context.a
-- Found: /root/.conan/data/boost/1.79.0/_/_/package/dc8aedd23a0f0a773a5fcdcfe1ae3e89c4205978/lib/libboost_context.a
-- Library boost_graph found /root/.conan/data/boost/1.79.0/_/_/package/dc8aedd23a0f0a773a5fcdcfe1ae3e89c4205978/lib/libboost_graph.a
-- Found: /root/.conan/data/boost/1.79.0/_/_/package/dc8aedd23a0f0a773a5fcdcfe1ae3e89c4205978/lib/libboost_graph.a
-- Library boost_iostreams found /root/.conan/data/boost/1.79.0/_/_/package/dc8aedd23a0f0a773a5fcdcfe1ae3e89c4205978/lib/libboost_iostreams.a
-- Found: /root/.conan/data/boost/1.79.0/_/_/package/dc8aedd23a0f0a773a5fcdcfe1ae3e89c4205978/lib/libboost_iostreams.a
-- Library boost_json found /root/.conan/data/boost/1.79.0/_/_/package/dc8aedd23a0f0a773a5fcdcfe1ae3e89c4205978/lib/libboost_json.a
-- Found: /root/.conan/data/boost/1.79.0/_/_/package/dc8aedd23a0f0a773a5fcdcfe1ae3e89c4205978/lib/libboost_json.a
-- Library boost_locale found /root/.conan/data/boost/1.79.0/_/_/package/dc8aedd23a0f0a773a5fcdcfe1ae3e89c4205978/lib/libboost_locale.a
-- Found: /root/.conan/data/boost/1.79.0/_/_/package/dc8aedd23a0f0a773a5fcdcfe1ae3e89c4205978/lib/libboost_locale.a
-- Library boost_log_setup found /root/.conan/data/boost/1.79.0/_/_/package/dc8aedd23a0f0a773a5fcdcfe1ae3e89c4205978/lib/libboost_log_setup.a
-- Found: /root/.conan/data/boost/1.79.0/_/_/package/dc8aedd23a0f0a773a5fcdcfe1ae3e89c4205978/lib/libboost_log_setup.a
-- Library boost_log found /root/.conan/data/boost/1.79.0/_/_/package/dc8aedd23a0f0a773a5fcdcfe1ae3e89c4205978/lib/libboost_log.a
-- Found: /root/.conan/data/boost/1.79.0/_/_/package/dc8aedd23a0f0a773a5fcdcfe1ae3e89c4205978/lib/libboost_log.a
-- Library boost_math_c99 found /root/.conan/data/boost/1.79.0/_/_/package/dc8aedd23a0f0a773a5fcdcfe1ae3e89c4205978/lib/libboost_math_c99.a
-- Found: /root/.conan/data/boost/1.79.0/_/_/package/dc8aedd23a0f0a773a5fcdcfe1ae3e89c4205978/lib/libboost_math_c99.a
-- Library boost_math_c99f found /root/.conan/data/boost/1.79.0/_/_/package/dc8aedd23a0f0a773a5fcdcfe1ae3e89c4205978/lib/libboost_math_c99f.a
-- Found: /root/.conan/data/boost/1.79.0/_/_/package/dc8aedd23a0f0a773a5fcdcfe1ae3e89c4205978/lib/libboost_math_c99f.a
-- Library boost_math_c99l found /root/.conan/data/boost/1.79.0/_/_/package/dc8aedd23a0f0a773a5fcdcfe1ae3e89c4205978/lib/libboost_math_c99l.a
-- Found: /root/.conan/data/boost/1.79.0/_/_/package/dc8aedd23a0f0a773a5fcdcfe1ae3e89c4205978/lib/libboost_math_c99l.a
-- Library boost_math_tr1 found /root/.conan/data/boost/1.79.0/_/_/package/dc8aedd23a0f0a773a5fcdcfe1ae3e89c4205978/lib/libboost_math_tr1.a
-- Found: /root/.conan/data/boost/1.79.0/_/_/package/dc8aedd23a0f0a773a5fcdcfe1ae3e89c4205978/lib/libboost_math_tr1.a
-- Library boost_math_tr1f found /root/.conan/data/boost/1.79.0/_/_/package/dc8aedd23a0f0a773a5fcdcfe1ae3e89c4205978/lib/libboost_math_tr1f.a
-- Found: /root/.conan/data/boost/1.79.0/_/_/package/dc8aedd23a0f0a773a5fcdcfe1ae3e89c4205978/lib/libboost_math_tr1f.a
-- Library boost_math_tr1l found /root/.conan/data/boost/1.79.0/_/_/package/dc8aedd23a0f0a773a5fcdcfe1ae3e89c4205978/lib/libboost_math_tr1l.a
-- Found: /root/.conan/data/boost/1.79.0/_/_/package/dc8aedd23a0f0a773a5fcdcfe1ae3e89c4205978/lib/libboost_math_tr1l.a
-- Library boost_nowide found /root/.conan/data/boost/1.79.0/_/_/package/dc8aedd23a0f0a773a5fcdcfe1ae3e89c4205978/lib/libboost_nowide.a
-- Found: /root/.conan/data/boost/1.79.0/_/_/package/dc8aedd23a0f0a773a5fcdcfe1ae3e89c4205978/lib/libboost_nowide.a
-- Library boost_program_options found /root/.conan/data/boost/1.79.0/_/_/package/dc8aedd23a0f0a773a5fcdcfe1ae3e89c4205978/lib/libboost_program_options.a
-- Found: /root/.conan/data/boost/1.79.0/_/_/package/dc8aedd23a0f0a773a5fcdcfe1ae3e89c4205978/lib/libboost_program_options.a
-- Library boost_random found /root/.conan/data/boost/1.79.0/_/_/package/dc8aedd23a0f0a773a5fcdcfe1ae3e89c4205978/lib/libboost_random.a
-- Found: /root/.conan/data/boost/1.79.0/_/_/package/dc8aedd23a0f0a773a5fcdcfe1ae3e89c4205978/lib/libboost_random.a
-- Library boost_regex found /root/.conan/data/boost/1.79.0/_/_/package/dc8aedd23a0f0a773a5fcdcfe1ae3e89c4205978/lib/libboost_regex.a
-- Found: /root/.conan/data/boost/1.79.0/_/_/package/dc8aedd23a0f0a773a5fcdcfe1ae3e89c4205978/lib/libboost_regex.a
-- Library boost_stacktrace_addr2line found /root/.conan/data/boost/1.79.0/_/_/package/dc8aedd23a0f0a773a5fcdcfe1ae3e89c4205978/lib/libboost_stacktrace_addr2line.a
-- Found: /root/.conan/data/boost/1.79.0/_/_/package/dc8aedd23a0f0a773a5fcdcfe1ae3e89c4205978/lib/libboost_stacktrace_addr2line.a
-- Library boost_stacktrace_backtrace found /root/.conan/data/boost/1.79.0/_/_/package/dc8aedd23a0f0a773a5fcdcfe1ae3e89c4205978/lib/libboost_stacktrace_backtrace.a
-- Found: /root/.conan/data/boost/1.79.0/_/_/package/dc8aedd23a0f0a773a5fcdcfe1ae3e89c4205978/lib/libboost_stacktrace_backtrace.a
-- Library boost_stacktrace_basic found /root/.conan/data/boost/1.79.0/_/_/package/dc8aedd23a0f0a773a5fcdcfe1ae3e89c4205978/lib/libboost_stacktrace_basic.a
-- Found: /root/.conan/data/boost/1.79.0/_/_/package/dc8aedd23a0f0a773a5fcdcfe1ae3e89c4205978/lib/libboost_stacktrace_basic.a
-- Library boost_stacktrace_noop found /root/.conan/data/boost/1.79.0/_/_/package/dc8aedd23a0f0a773a5fcdcfe1ae3e89c4205978/lib/libboost_stacktrace_noop.a
-- Found: /root/.conan/data/boost/1.79.0/_/_/package/dc8aedd23a0f0a773a5fcdcfe1ae3e89c4205978/lib/libboost_stacktrace_noop.a
-- Library boost_timer found /root/.conan/data/boost/1.79.0/_/_/package/dc8aedd23a0f0a773a5fcdcfe1ae3e89c4205978/lib/libboost_timer.a
-- Found: /root/.conan/data/boost/1.79.0/_/_/package/dc8aedd23a0f0a773a5fcdcfe1ae3e89c4205978/lib/libboost_timer.a
-- Library boost_type_erasure found /root/.conan/data/boost/1.79.0/_/_/package/dc8aedd23a0f0a773a5fcdcfe1ae3e89c4205978/lib/libboost_type_erasure.a
-- Found: /root/.conan/data/boost/1.79.0/_/_/package/dc8aedd23a0f0a773a5fcdcfe1ae3e89c4205978/lib/libboost_type_erasure.a
-- Library boost_thread found /root/.conan/data/boost/1.79.0/_/_/package/dc8aedd23a0f0a773a5fcdcfe1ae3e89c4205978/lib/libboost_thread.a
-- Found: /root/.conan/data/boost/1.79.0/_/_/package/dc8aedd23a0f0a773a5fcdcfe1ae3e89c4205978/lib/libboost_thread.a
-- Library boost_chrono found /root/.conan/data/boost/1.79.0/_/_/package/dc8aedd23a0f0a773a5fcdcfe1ae3e89c4205978/lib/libboost_chrono.a
-- Found: /root/.conan/data/boost/1.79.0/_/_/package/dc8aedd23a0f0a773a5fcdcfe1ae3e89c4205978/lib/libboost_chrono.a
-- Library boost_container found /root/.conan/data/boost/1.79.0/_/_/package/dc8aedd23a0f0a773a5fcdcfe1ae3e89c4205978/lib/libboost_container.a
-- Found: /root/.conan/data/boost/1.79.0/_/_/package/dc8aedd23a0f0a773a5fcdcfe1ae3e89c4205978/lib/libboost_container.a
-- Library boost_date_time found /root/.conan/data/boost/1.79.0/_/_/package/dc8aedd23a0f0a773a5fcdcfe1ae3e89c4205978/lib/libboost_date_time.a
-- Found: /root/.conan/data/boost/1.79.0/_/_/package/dc8aedd23a0f0a773a5fcdcfe1ae3e89c4205978/lib/libboost_date_time.a
-- Library boost_unit_test_framework found /root/.conan/data/boost/1.79.0/_/_/package/dc8aedd23a0f0a773a5fcdcfe1ae3e89c4205978/lib/libboost_unit_test_framework.a
-- Found: /root/.conan/data/boost/1.79.0/_/_/package/dc8aedd23a0f0a773a5fcdcfe1ae3e89c4205978/lib/libboost_unit_test_framework.a
-- Library boost_prg_exec_monitor found /root/.conan/data/boost/1.79.0/_/_/package/dc8aedd23a0f0a773a5fcdcfe1ae3e89c4205978/lib/libboost_prg_exec_monitor.a
-- Found: /root/.conan/data/boost/1.79.0/_/_/package/dc8aedd23a0f0a773a5fcdcfe1ae3e89c4205978/lib/libboost_prg_exec_monitor.a
-- Library boost_test_exec_monitor found /root/.conan/data/boost/1.79.0/_/_/package/dc8aedd23a0f0a773a5fcdcfe1ae3e89c4205978/lib/libboost_test_exec_monitor.a
-- Found: /root/.conan/data/boost/1.79.0/_/_/package/dc8aedd23a0f0a773a5fcdcfe1ae3e89c4205978/lib/libboost_test_exec_monitor.a
-- Library boost_exception found /root/.conan/data/boost/1.79.0/_/_/package/dc8aedd23a0f0a773a5fcdcfe1ae3e89c4205978/lib/libboost_exception.a
-- Found: /root/.conan/data/boost/1.79.0/_/_/package/dc8aedd23a0f0a773a5fcdcfe1ae3e89c4205978/lib/libboost_exception.a
-- Library boost_wave found /root/.conan/data/boost/1.79.0/_/_/package/dc8aedd23a0f0a773a5fcdcfe1ae3e89c4205978/lib/libboost_wave.a
-- Found: /root/.conan/data/boost/1.79.0/_/_/package/dc8aedd23a0f0a773a5fcdcfe1ae3e89c4205978/lib/libboost_wave.a
-- Library boost_filesystem found /root/.conan/data/boost/1.79.0/_/_/package/dc8aedd23a0f0a773a5fcdcfe1ae3e89c4205978/lib/libboost_filesystem.a
-- Found: /root/.conan/data/boost/1.79.0/_/_/package/dc8aedd23a0f0a773a5fcdcfe1ae3e89c4205978/lib/libboost_filesystem.a
-- Library boost_atomic found /root/.conan/data/boost/1.79.0/_/_/package/dc8aedd23a0f0a773a5fcdcfe1ae3e89c4205978/lib/libboost_atomic.a
-- Found: /root/.conan/data/boost/1.79.0/_/_/package/dc8aedd23a0f0a773a5fcdcfe1ae3e89c4205978/lib/libboost_atomic.a
-- Library boost_wserialization found /root/.conan/data/boost/1.79.0/_/_/package/dc8aedd23a0f0a773a5fcdcfe1ae3e89c4205978/lib/libboost_wserialization.a
-- Found: /root/.conan/data/boost/1.79.0/_/_/package/dc8aedd23a0f0a773a5fcdcfe1ae3e89c4205978/lib/libboost_wserialization.a
-- Library boost_serialization found /root/.conan/data/boost/1.79.0/_/_/package/dc8aedd23a0f0a773a5fcdcfe1ae3e89c4205978/lib/libboost_serialization.a
-- Found: /root/.conan/data/boost/1.79.0/_/_/package/dc8aedd23a0f0a773a5fcdcfe1ae3e89c4205978/lib/libboost_serialization.a
-- Conan: Using autogenerated FindBZip2.cmake
-- Found BZip2: 1.0.8 (found version "1.0.8") 
-- Library bz2 found /root/.conan/data/bzip2/1.0.8/_/_/package/c32092bf4d4bb47cf962af898e02823f499b017e/lib/libbz2.a
-- Found: /root/.conan/data/bzip2/1.0.8/_/_/package/c32092bf4d4bb47cf962af898e02823f499b017e/lib/libbz2.a
-- Conan: Using autogenerated FindZLIB.cmake
-- Found ZLIB: 1.2.12 (found version "1.2.12") 
-- Library z found /root/.conan/data/zlib/1.2.12/_/_/package/dfbe50feef7f3c6223a476cd5aeadb687084a646/lib/libz.a
-- Found: /root/.conan/data/zlib/1.2.12/_/_/package/dfbe50feef7f3c6223a476cd5aeadb687084a646/lib/libz.a
-- Conan: Using autogenerated Findlibbacktrace.cmake
-- Found libbacktrace: cci.20210118 (found version "cci.20210118") 
-- Library backtrace found /root/.conan/data/libbacktrace/cci.20210118/_/_/package/dfbe50feef7f3c6223a476cd5aeadb687084a646/lib/libbacktrace.a
-- Found: /root/.conan/data/libbacktrace/cci.20210118/_/_/package/dfbe50feef7f3c6223a476cd5aeadb687084a646/lib/libbacktrace.a
-- Library boost_serialization found /root/.conan/data/boost/1.79.0/_/_/package/dc8aedd23a0f0a773a5fcdcfe1ae3e89c4205978/lib/libboost_serialization.a
-- Found: /root/.conan/data/boost/1.79.0/_/_/package/dc8aedd23a0f0a773a5fcdcfe1ae3e89c4205978/lib/libboost_serialization.a
-- Library boost_wserialization found /root/.conan/data/boost/1.79.0/_/_/package/dc8aedd23a0f0a773a5fcdcfe1ae3e89c4205978/lib/libboost_wserialization.a
-- Found: /root/.conan/data/boost/1.79.0/_/_/package/dc8aedd23a0f0a773a5fcdcfe1ae3e89c4205978/lib/libboost_wserialization.a
-- Library boost_atomic found /root/.conan/data/boost/1.79.0/_/_/package/dc8aedd23a0f0a773a5fcdcfe1ae3e89c4205978/lib/libboost_atomic.a
-- Found: /root/.conan/data/boost/1.79.0/_/_/package/dc8aedd23a0f0a773a5fcdcfe1ae3e89c4205978/lib/libboost_atomic.a
-- Library boost_filesystem found /root/.conan/data/boost/1.79.0/_/_/package/dc8aedd23a0f0a773a5fcdcfe1ae3e89c4205978/lib/libboost_filesystem.a
-- Found: /root/.conan/data/boost/1.79.0/_/_/package/dc8aedd23a0f0a773a5fcdcfe1ae3e89c4205978/lib/libboost_filesystem.a
-- Library boost_wave found /root/.conan/data/boost/1.79.0/_/_/package/dc8aedd23a0f0a773a5fcdcfe1ae3e89c4205978/lib/libboost_wave.a
-- Found: /root/.conan/data/boost/1.79.0/_/_/package/dc8aedd23a0f0a773a5fcdcfe1ae3e89c4205978/lib/libboost_wave.a
-- Library boost_exception found /root/.conan/data/boost/1.79.0/_/_/package/dc8aedd23a0f0a773a5fcdcfe1ae3e89c4205978/lib/libboost_exception.a
-- Found: /root/.conan/data/boost/1.79.0/_/_/package/dc8aedd23a0f0a773a5fcdcfe1ae3e89c4205978/lib/libboost_exception.a
-- Library boost_test_exec_monitor found /root/.conan/data/boost/1.79.0/_/_/package/dc8aedd23a0f0a773a5fcdcfe1ae3e89c4205978/lib/libboost_test_exec_monitor.a
-- Found: /root/.conan/data/boost/1.79.0/_/_/package/dc8aedd23a0f0a773a5fcdcfe1ae3e89c4205978/lib/libboost_test_exec_monitor.a
-- Library boost_prg_exec_monitor found /root/.conan/data/boost/1.79.0/_/_/package/dc8aedd23a0f0a773a5fcdcfe1ae3e89c4205978/lib/libboost_prg_exec_monitor.a
-- Found: /root/.conan/data/boost/1.79.0/_/_/package/dc8aedd23a0f0a773a5fcdcfe1ae3e89c4205978/lib/libboost_prg_exec_monitor.a
-- Library boost_unit_test_framework found /root/.conan/data/boost/1.79.0/_/_/package/dc8aedd23a0f0a773a5fcdcfe1ae3e89c4205978/lib/libboost_unit_test_framework.a
-- Found: /root/.conan/data/boost/1.79.0/_/_/package/dc8aedd23a0f0a773a5fcdcfe1ae3e89c4205978/lib/libboost_unit_test_framework.a
-- Library boost_date_time found /root/.conan/data/boost/1.79.0/_/_/package/dc8aedd23a0f0a773a5fcdcfe1ae3e89c4205978/lib/libboost_date_time.a
-- Found: /root/.conan/data/boost/1.79.0/_/_/package/dc8aedd23a0f0a773a5fcdcfe1ae3e89c4205978/lib/libboost_date_time.a
-- Library boost_container found /root/.conan/data/boost/1.79.0/_/_/package/dc8aedd23a0f0a773a5fcdcfe1ae3e89c4205978/lib/libboost_container.a
-- Found: /root/.conan/data/boost/1.79.0/_/_/package/dc8aedd23a0f0a773a5fcdcfe1ae3e89c4205978/lib/libboost_container.a
-- Library boost_chrono found /root/.conan/data/boost/1.79.0/_/_/package/dc8aedd23a0f0a773a5fcdcfe1ae3e89c4205978/lib/libboost_chrono.a
-- Found: /root/.conan/data/boost/1.79.0/_/_/package/dc8aedd23a0f0a773a5fcdcfe1ae3e89c4205978/lib/libboost_chrono.a
-- Library boost_thread found /root/.conan/data/boost/1.79.0/_/_/package/dc8aedd23a0f0a773a5fcdcfe1ae3e89c4205978/lib/libboost_thread.a
-- Found: /root/.conan/data/boost/1.79.0/_/_/package/dc8aedd23a0f0a773a5fcdcfe1ae3e89c4205978/lib/libboost_thread.a
-- Library boost_type_erasure found /root/.conan/data/boost/1.79.0/_/_/package/dc8aedd23a0f0a773a5fcdcfe1ae3e89c4205978/lib/libboost_type_erasure.a
-- Found: /root/.conan/data/boost/1.79.0/_/_/package/dc8aedd23a0f0a773a5fcdcfe1ae3e89c4205978/lib/libboost_type_erasure.a
-- Library boost_timer found /root/.conan/data/boost/1.79.0/_/_/package/dc8aedd23a0f0a773a5fcdcfe1ae3e89c4205978/lib/libboost_timer.a
-- Found: /root/.conan/data/boost/1.79.0/_/_/package/dc8aedd23a0f0a773a5fcdcfe1ae3e89c4205978/lib/libboost_timer.a
-- Library boost_stacktrace_noop found /root/.conan/data/boost/1.79.0/_/_/package/dc8aedd23a0f0a773a5fcdcfe1ae3e89c4205978/lib/libboost_stacktrace_noop.a
-- Found: /root/.conan/data/boost/1.79.0/_/_/package/dc8aedd23a0f0a773a5fcdcfe1ae3e89c4205978/lib/libboost_stacktrace_noop.a
-- Library boost_stacktrace_basic found /root/.conan/data/boost/1.79.0/_/_/package/dc8aedd23a0f0a773a5fcdcfe1ae3e89c4205978/lib/libboost_stacktrace_basic.a
-- Found: /root/.conan/data/boost/1.79.0/_/_/package/dc8aedd23a0f0a773a5fcdcfe1ae3e89c4205978/lib/libboost_stacktrace_basic.a
-- Library boost_stacktrace_backtrace found /root/.conan/data/boost/1.79.0/_/_/package/dc8aedd23a0f0a773a5fcdcfe1ae3e89c4205978/lib/libboost_stacktrace_backtrace.a
-- Found: /root/.conan/data/boost/1.79.0/_/_/package/dc8aedd23a0f0a773a5fcdcfe1ae3e89c4205978/lib/libboost_stacktrace_backtrace.a
-- Library boost_stacktrace_addr2line found /root/.conan/data/boost/1.79.0/_/_/package/dc8aedd23a0f0a773a5fcdcfe1ae3e89c4205978/lib/libboost_stacktrace_addr2line.a
-- Found: /root/.conan/data/boost/1.79.0/_/_/package/dc8aedd23a0f0a773a5fcdcfe1ae3e89c4205978/lib/libboost_stacktrace_addr2line.a
-- Library boost_regex found /root/.conan/data/boost/1.79.0/_/_/package/dc8aedd23a0f0a773a5fcdcfe1ae3e89c4205978/lib/libboost_regex.a
-- Found: /root/.conan/data/boost/1.79.0/_/_/package/dc8aedd23a0f0a773a5fcdcfe1ae3e89c4205978/lib/libboost_regex.a
-- Library boost_random found /root/.conan/data/boost/1.79.0/_/_/package/dc8aedd23a0f0a773a5fcdcfe1ae3e89c4205978/lib/libboost_random.a
-- Found: /root/.conan/data/boost/1.79.0/_/_/package/dc8aedd23a0f0a773a5fcdcfe1ae3e89c4205978/lib/libboost_random.a
-- Library boost_program_options found /root/.conan/data/boost/1.79.0/_/_/package/dc8aedd23a0f0a773a5fcdcfe1ae3e89c4205978/lib/libboost_program_options.a
-- Found: /root/.conan/data/boost/1.79.0/_/_/package/dc8aedd23a0f0a773a5fcdcfe1ae3e89c4205978/lib/libboost_program_options.a
-- Library boost_nowide found /root/.conan/data/boost/1.79.0/_/_/package/dc8aedd23a0f0a773a5fcdcfe1ae3e89c4205978/lib/libboost_nowide.a
-- Found: /root/.conan/data/boost/1.79.0/_/_/package/dc8aedd23a0f0a773a5fcdcfe1ae3e89c4205978/lib/libboost_nowide.a
-- Library boost_math_tr1l found /root/.conan/data/boost/1.79.0/_/_/package/dc8aedd23a0f0a773a5fcdcfe1ae3e89c4205978/lib/libboost_math_tr1l.a
-- Found: /root/.conan/data/boost/1.79.0/_/_/package/dc8aedd23a0f0a773a5fcdcfe1ae3e89c4205978/lib/libboost_math_tr1l.a
-- Library boost_math_tr1f found /root/.conan/data/boost/1.79.0/_/_/package/dc8aedd23a0f0a773a5fcdcfe1ae3e89c4205978/lib/libboost_math_tr1f.a
-- Found: /root/.conan/data/boost/1.79.0/_/_/package/dc8aedd23a0f0a773a5fcdcfe1ae3e89c4205978/lib/libboost_math_tr1f.a
-- Library boost_math_tr1 found /root/.conan/data/boost/1.79.0/_/_/package/dc8aedd23a0f0a773a5fcdcfe1ae3e89c4205978/lib/libboost_math_tr1.a
-- Found: /root/.conan/data/boost/1.79.0/_/_/package/dc8aedd23a0f0a773a5fcdcfe1ae3e89c4205978/lib/libboost_math_tr1.a
-- Library boost_math_c99l found /root/.conan/data/boost/1.79.0/_/_/package/dc8aedd23a0f0a773a5fcdcfe1ae3e89c4205978/lib/libboost_math_c99l.a
-- Found: /root/.conan/data/boost/1.79.0/_/_/package/dc8aedd23a0f0a773a5fcdcfe1ae3e89c4205978/lib/libboost_math_c99l.a
-- Library boost_math_c99f found /root/.conan/data/boost/1.79.0/_/_/package/dc8aedd23a0f0a773a5fcdcfe1ae3e89c4205978/lib/libboost_math_c99f.a
-- Found: /root/.conan/data/boost/1.79.0/_/_/package/dc8aedd23a0f0a773a5fcdcfe1ae3e89c4205978/lib/libboost_math_c99f.a
-- Library boost_math_c99 found /root/.conan/data/boost/1.79.0/_/_/package/dc8aedd23a0f0a773a5fcdcfe1ae3e89c4205978/lib/libboost_math_c99.a
-- Found: /root/.conan/data/boost/1.79.0/_/_/package/dc8aedd23a0f0a773a5fcdcfe1ae3e89c4205978/lib/libboost_math_c99.a
-- Library boost_log found /root/.conan/data/boost/1.79.0/_/_/package/dc8aedd23a0f0a773a5fcdcfe1ae3e89c4205978/lib/libboost_log.a
-- Found: /root/.conan/data/boost/1.79.0/_/_/package/dc8aedd23a0f0a773a5fcdcfe1ae3e89c4205978/lib/libboost_log.a
-- Library boost_log_setup found /root/.conan/data/boost/1.79.0/_/_/package/dc8aedd23a0f0a773a5fcdcfe1ae3e89c4205978/lib/libboost_log_setup.a
-- Found: /root/.conan/data/boost/1.79.0/_/_/package/dc8aedd23a0f0a773a5fcdcfe1ae3e89c4205978/lib/libboost_log_setup.a
-- Library boost_locale found /root/.conan/data/boost/1.79.0/_/_/package/dc8aedd23a0f0a773a5fcdcfe1ae3e89c4205978/lib/libboost_locale.a
-- Found: /root/.conan/data/boost/1.79.0/_/_/package/dc8aedd23a0f0a773a5fcdcfe1ae3e89c4205978/lib/libboost_locale.a
-- Library boost_json found /root/.conan/data/boost/1.79.0/_/_/package/dc8aedd23a0f0a773a5fcdcfe1ae3e89c4205978/lib/libboost_json.a
-- Found: /root/.conan/data/boost/1.79.0/_/_/package/dc8aedd23a0f0a773a5fcdcfe1ae3e89c4205978/lib/libboost_json.a
-- Library boost_iostreams found /root/.conan/data/boost/1.79.0/_/_/package/dc8aedd23a0f0a773a5fcdcfe1ae3e89c4205978/lib/libboost_iostreams.a
-- Found: /root/.conan/data/boost/1.79.0/_/_/package/dc8aedd23a0f0a773a5fcdcfe1ae3e89c4205978/lib/libboost_iostreams.a
-- Library boost_graph found /root/.conan/data/boost/1.79.0/_/_/package/dc8aedd23a0f0a773a5fcdcfe1ae3e89c4205978/lib/libboost_graph.a
-- Found: /root/.conan/data/boost/1.79.0/_/_/package/dc8aedd23a0f0a773a5fcdcfe1ae3e89c4205978/lib/libboost_graph.a
-- Library boost_context found /root/.conan/data/boost/1.79.0/_/_/package/dc8aedd23a0f0a773a5fcdcfe1ae3e89c4205978/lib/libboost_context.a
-- Found: /root/.conan/data/boost/1.79.0/_/_/package/dc8aedd23a0f0a773a5fcdcfe1ae3e89c4205978/lib/libboost_context.a
-- Library boost_fiber found /root/.conan/data/boost/1.79.0/_/_/package/dc8aedd23a0f0a773a5fcdcfe1ae3e89c4205978/lib/libboost_fiber.a
-- Found: /root/.conan/data/boost/1.79.0/_/_/package/dc8aedd23a0f0a773a5fcdcfe1ae3e89c4205978/lib/libboost_fiber.a
-- Library boost_fiber_numa found /root/.conan/data/boost/1.79.0/_/_/package/dc8aedd23a0f0a773a5fcdcfe1ae3e89c4205978/lib/libboost_fiber_numa.a
-- Found: /root/.conan/data/boost/1.79.0/_/_/package/dc8aedd23a0f0a773a5fcdcfe1ae3e89c4205978/lib/libboost_fiber_numa.a
-- Library boost_coroutine found /root/.conan/data/boost/1.79.0/_/_/package/dc8aedd23a0f0a773a5fcdcfe1ae3e89c4205978/lib/libboost_coroutine.a
-- Found: /root/.conan/data/boost/1.79.0/_/_/package/dc8aedd23a0f0a773a5fcdcfe1ae3e89c4205978/lib/libboost_coroutine.a
-- Library boost_contract found /root/.conan/data/boost/1.79.0/_/_/package/dc8aedd23a0f0a773a5fcdcfe1ae3e89c4205978/lib/libboost_contract.a
-- Found: /root/.conan/data/boost/1.79.0/_/_/package/dc8aedd23a0f0a773a5fcdcfe1ae3e89c4205978/lib/libboost_contract.a
-- Conan: Using autogenerated Findlibev.cmake
-- Found libev: 4.33 (found version "4.33") 
-- Library ev found /root/.conan/data/libev/4.33/_/_/package/dfbe50feef7f3c6223a476cd5aeadb687084a646/lib/libev.a
-- Found: /root/.conan/data/libev/4.33/_/_/package/dfbe50feef7f3c6223a476cd5aeadb687084a646/lib/libev.a
-- Conan: Using autogenerated Findspdlog.cmake
-- Found spdlog: 1.9.0 (found version "1.9.0") 
-- Library spdlog found /root/.conan/data/spdlog/1.9.0/_/_/package/4d2b231078dcc813aaf3eb5175bee272655efbc4/lib/libspdlog.a
-- Found: /root/.conan/data/spdlog/1.9.0/_/_/package/4d2b231078dcc813aaf3eb5175bee272655efbc4/lib/libspdlog.a
-- Conan: Using autogenerated Findfmt.cmake
-- Found fmt: 8.1.1 (found version "8.1.1") 
-- Library fmt found /root/.conan/data/fmt/8.1.1/_/_/package/2c09c8f84c016041549fcee94e4caae5d89424b6/lib/libfmt.a
-- Found: /root/.conan/data/fmt/8.1.1/_/_/package/2c09c8f84c016041549fcee94e4caae5d89424b6/lib/libfmt.a
-- Library fmt found /root/.conan/data/fmt/8.1.1/_/_/package/2c09c8f84c016041549fcee94e4caae5d89424b6/lib/libfmt.a
-- Found: /root/.conan/data/fmt/8.1.1/_/_/package/2c09c8f84c016041549fcee94e4caae5d89424b6/lib/libfmt.a
-- Library spdlog found /root/.conan/data/spdlog/1.9.0/_/_/package/4d2b231078dcc813aaf3eb5175bee272655efbc4/lib/libspdlog.a
-- Found: /root/.conan/data/spdlog/1.9.0/_/_/package/4d2b231078dcc813aaf3eb5175bee272655efbc4/lib/libspdlog.a
-- Dependency fmt already found
-- Conan: Using autogenerated Findc-ares.cmake
-- Found c-ares: 1.18.1 (found version "1.18.1") 
-- Library cares found /root/.conan/data/c-ares/1.18.1/_/_/package/568a9f05046bc2a125b25bb11b7b1b0ed567b825/lib/libcares.a
-- Found: /root/.conan/data/c-ares/1.18.1/_/_/package/568a9f05046bc2a125b25bb11b7b1b0ed567b825/lib/libcares.a
-- Library cares found /root/.conan/data/c-ares/1.18.1/_/_/package/568a9f05046bc2a125b25bb11b7b1b0ed567b825/lib/libcares.a
-- Found: /root/.conan/data/c-ares/1.18.1/_/_/package/568a9f05046bc2a125b25bb11b7b1b0ed567b825/lib/libcares.a
-- Conan: Using autogenerated FindCURL.cmake
-- Found CURL: 7.68.0 (found version "7.68.0") 
-- Library curl found /root/.conan/data/libcurl/7.68.0/_/_/package/0c5339e3252a17695b86faf7d8701a95bdc6c4ef/lib/libcurl.a
-- Found: /root/.conan/data/libcurl/7.68.0/_/_/package/0c5339e3252a17695b86faf7d8701a95bdc6c4ef/lib/libcurl.a
-- Conan: Using autogenerated FindOpenSSL.cmake
-- Found OpenSSL: 1.1.1o (found version "1.1.1o") 
-- Library ssl found /root/.conan/data/openssl/1.1.1o/_/_/package/dfbe50feef7f3c6223a476cd5aeadb687084a646/lib/libssl.a
-- Found: /root/.conan/data/openssl/1.1.1o/_/_/package/dfbe50feef7f3c6223a476cd5aeadb687084a646/lib/libssl.a
-- Library crypto found /root/.conan/data/openssl/1.1.1o/_/_/package/dfbe50feef7f3c6223a476cd5aeadb687084a646/lib/libcrypto.a
-- Found: /root/.conan/data/openssl/1.1.1o/_/_/package/dfbe50feef7f3c6223a476cd5aeadb687084a646/lib/libcrypto.a
-- Library crypto found /root/.conan/data/openssl/1.1.1o/_/_/package/dfbe50feef7f3c6223a476cd5aeadb687084a646/lib/libcrypto.a
-- Found: /root/.conan/data/openssl/1.1.1o/_/_/package/dfbe50feef7f3c6223a476cd5aeadb687084a646/lib/libcrypto.a
-- Library ssl found /root/.conan/data/openssl/1.1.1o/_/_/package/dfbe50feef7f3c6223a476cd5aeadb687084a646/lib/libssl.a
-- Found: /root/.conan/data/openssl/1.1.1o/_/_/package/dfbe50feef7f3c6223a476cd5aeadb687084a646/lib/libssl.a
-- Conan: Dependency ZLIB already found
-- Library curl found /root/.conan/data/libcurl/7.68.0/_/_/package/0c5339e3252a17695b86faf7d8701a95bdc6c4ef/lib/libcurl.a
-- Found: /root/.conan/data/libcurl/7.68.0/_/_/package/0c5339e3252a17695b86faf7d8701a95bdc6c4ef/lib/libcurl.a
-- Conan: Using autogenerated Findcryptopp.cmake
-- Found cryptopp: 8.6.0 (found version "8.6.0") 
-- Library cryptopp found /root/.conan/data/cryptopp/8.6.0/_/_/package/6557f18ca99c0b6a233f43db00e30efaa525e27e/lib/libcryptopp.a
-- Found: /root/.conan/data/cryptopp/8.6.0/_/_/package/6557f18ca99c0b6a233f43db00e30efaa525e27e/lib/libcryptopp.a
-- Library cryptopp found /root/.conan/data/cryptopp/8.6.0/_/_/package/6557f18ca99c0b6a233f43db00e30efaa525e27e/lib/libcryptopp.a
-- Found: /root/.conan/data/cryptopp/8.6.0/_/_/package/6557f18ca99c0b6a233f43db00e30efaa525e27e/lib/libcryptopp.a
-- Conan: Using autogenerated Findyaml-cpp.cmake
-- Found yaml-cpp: 0.7.0 (found version "0.7.0") 
-- Library yaml-cpp found /root/.conan/data/yaml-cpp/0.7.0/_/_/package/6557f18ca99c0b6a233f43db00e30efaa525e27e/lib/libyaml-cpp.a
-- Found: /root/.conan/data/yaml-cpp/0.7.0/_/_/package/6557f18ca99c0b6a233f43db00e30efaa525e27e/lib/libyaml-cpp.a
-- Conan: Using autogenerated Findcctz.cmake
-- Found cctz: 2.3 (found version "2.3") 
-- Library cctz found /root/.conan/data/cctz/2.3/_/_/package/238df00604cc31bb14445227f4be73e1727116e7/lib/libcctz.a
-- Found: /root/.conan/data/cctz/2.3/_/_/package/238df00604cc31bb14445227f4be73e1727116e7/lib/libcctz.a
-- Conan: Using autogenerated Findhttp_parser.cmake
-- Found http_parser: 2.9.4 (found version "2.9.4") 
-- Library http_parser found /root/.conan/data/http_parser/2.9.4/_/_/package/dfbe50feef7f3c6223a476cd5aeadb687084a646/lib/libhttp_parser.a
-- Found: /root/.conan/data/http_parser/2.9.4/_/_/package/dfbe50feef7f3c6223a476cd5aeadb687084a646/lib/libhttp_parser.a
-- Conan: Using autogenerated Findjemalloc.cmake
-- Found jemalloc: 5.2.1 (found version "5.2.1") 
-- Library jemalloc_pic found /root/.conan/data/jemalloc/5.2.1/_/_/package/dd4b25aaf895ca2136a38b9660b8dbca6ee25a36/lib/libjemalloc_pic.a
-- Found: /root/.conan/data/jemalloc/5.2.1/_/_/package/dd4b25aaf895ca2136a38b9660b8dbca6ee25a36/lib/libjemalloc_pic.a
-- Configuring done
-- Generating done
-- Build files have been written to: /userver/test_package/build/0bb5c6b789c31ce1a9e22c28a450347b2c15ae87
[ 50%] Building CXX object CMakeFiles/hello_service.dir/hello_service.cpp.o
